  GameStateManager.cpp
  Main.cpp
C:\Github\FRUITFOO_CSD1451_GAM150\Source\Main.cpp(66,19): warning C4459: declaration of 'gold' hides global declaration
      C:\Github\FRUITFOO_CSD1451_GAM150\Source\Main.cpp(24,5):
      see declaration of 'gold'
  
C:\Github\FRUITFOO_CSD1451_GAM150\Source\Main.cpp(66,29): warning C4459: declaration of 'energy' hides global declaration
      C:\Github\FRUITFOO_CSD1451_GAM150\Source\Main.cpp(25,5):
      see declaration of 'energy'
  
C:\Github\FRUITFOO_CSD1451_GAM150\Source\Main.cpp(66,41): warning C4459: declaration of 'inventory' hides global declaration
      C:\Github\FRUITFOO_CSD1451_GAM150\Source\Main.cpp(31,5):
      see declaration of 'inventory'
  
C:\Github\FRUITFOO_CSD1451_GAM150\Source\Main.cpp(85,20): warning C4459: declaration of 'gold' hides global declaration
      C:\Github\FRUITFOO_CSD1451_GAM150\Source\Main.cpp(24,5):
      see declaration of 'gold'
  
C:\Github\FRUITFOO_CSD1451_GAM150\Source\Main.cpp(85,31): warning C4459: declaration of 'energy' hides global declaration
      C:\Github\FRUITFOO_CSD1451_GAM150\Source\Main.cpp(25,5):
      see declaration of 'energy'
  
C:\Github\FRUITFOO_CSD1451_GAM150\Source\Main.cpp(85,43): warning C4459: declaration of 'inventory' hides global declaration
      C:\Github\FRUITFOO_CSD1451_GAM150\Source\Main.cpp(31,5):
      see declaration of 'inventory'
  
  Next.cpp
  Generating code
  Previous IPDB was built with incompatible compiler, fall back to full compilation.
  All 255 functions were compiled because no usable IPDB/IOBJ from previous compilation was found.
  Finished generating code
  FruitFoo.vcxproj -> C:\Github\FRUITFOO_CSD1451_GAM150\bin\Release-x64\FruitFoo.exe
  14 File(s) copied
  1 File(s) copied
  1 File(s) copied
  1 File(s) copied
